[0m22:23:19.813079 [debug] [MainThread]: Sending event: {'category': 'dbt', 'action': 'invocation', 'label': 'start', 'context': [<snowplow_tracker.self_describing_json.SelfDescribingJson object at 0x00000285CFCBBCE0>, <snowplow_tracker.self_describing_json.SelfDescribingJson object at 0x00000285D2E313A0>, <snowplow_tracker.self_describing_json.SelfDescribingJson object at 0x00000285D2E31220>]}


============================== 22:23:19.820724 | ccc4a306-797c-47da-a19d-2accd2e644ca ==============================
[0m22:23:19.820724 [info ] [MainThread]: Running with dbt=1.10.1
[0m22:23:19.823110 [debug] [MainThread]: running dbt with arguments {'printer_width': '80', 'indirect_selection': 'eager', 'log_cache_events': 'False', 'write_json': 'True', 'partial_parse': 'True', 'cache_selected_only': 'False', 'warn_error': 'None', 'debug': 'False', 'version_check': 'True', 'log_path': 'logs', 'profiles_dir': 'C:\\Users\\nikhi\\.dbt', 'fail_fast': 'False', 'use_colors': 'True', 'use_experimental_parser': 'False', 'no_print': 'None', 'quiet': 'False', 'empty': 'None', 'warn_error_options': 'WarnErrorOptionsV2(error=[], warn=[], silence=[])', 'introspect': 'True', 'static_parser': 'True', 'log_format': 'default', 'target_path': 'None', 'invocation_command': 'dbt init health_data_dbtp', 'send_anonymous_usage_stats': 'True'}
[0m22:23:19.849534 [debug] [MainThread]: Starter project path: C:\Users\nikhi\AppData\Local\Programs\Python\Python312\Lib\site-packages\dbt\include\starter_project
[0m22:23:19.873582 [info ] [MainThread]: 
Your new dbt project "health_data_dbtp" was created!

For more information on how to configure the profiles.yml file,
please consult the dbt documentation here:

  https://docs.getdbt.com/docs/configure-your-profile

One more thing:

Need help? Don't hesitate to reach out to us via GitHub issues or on Slack:

  https://community.getdbt.com/

Happy modeling!

[0m22:23:19.873582 [info ] [MainThread]: Setting up your profile.
[0m22:24:52.540946 [info ] [MainThread]: Profile health_data_dbtp written to C:\Users\nikhi\.dbt\profiles.yml using target's profile_template.yml and your supplied values. Run 'dbt debug' to validate the connection.
[0m22:24:52.541979 [debug] [MainThread]: Command `dbt init` succeeded at 22:24:52.541979 after 92.95 seconds
[0m22:24:52.542950 [debug] [MainThread]: Sending event: {'category': 'dbt', 'action': 'invocation', 'label': 'end', 'context': [<snowplow_tracker.self_describing_json.SelfDescribingJson object at 0x00000285E3D30E60>, <snowplow_tracker.self_describing_json.SelfDescribingJson object at 0x00000285E2D1E390>, <snowplow_tracker.self_describing_json.SelfDescribingJson object at 0x00000285D2F2E6F0>]}
[0m22:24:52.542950 [debug] [MainThread]: Flushing usage events
[0m22:24:53.771528 [debug] [MainThread]: An error was encountered while trying to flush usage events
[0m22:25:10.426283 [debug] [MainThread]: Sending event: {'category': 'dbt', 'action': 'invocation', 'label': 'start', 'context': [<snowplow_tracker.self_describing_json.SelfDescribingJson object at 0x000002DA50E994F0>, <snowplow_tracker.self_describing_json.SelfDescribingJson object at 0x000002DA54EE5AC0>, <snowplow_tracker.self_describing_json.SelfDescribingJson object at 0x000002DA54EE5070>]}


============================== 22:25:10.431618 | 0f31486d-9279-40c5-b177-418282fba36f ==============================
[0m22:25:10.431618 [info ] [MainThread]: Running with dbt=1.10.1
[0m22:25:10.431618 [debug] [MainThread]: running dbt with arguments {'printer_width': '80', 'indirect_selection': 'eager', 'log_cache_events': 'False', 'write_json': 'True', 'partial_parse': 'True', 'cache_selected_only': 'False', 'profiles_dir': 'C:\\Users\\nikhi\\.dbt', 'version_check': 'True', 'fail_fast': 'False', 'log_path': 'logs', 'debug': 'False', 'warn_error': 'None', 'use_colors': 'True', 'use_experimental_parser': 'False', 'no_print': 'None', 'quiet': 'False', 'empty': 'None', 'log_format': 'default', 'invocation_command': 'dbt debug', 'warn_error_options': 'WarnErrorOptionsV2(error=[], warn=[], silence=[])', 'static_parser': 'True', 'target_path': 'None', 'introspect': 'True', 'send_anonymous_usage_stats': 'True'}
[0m22:25:10.454952 [info ] [MainThread]: dbt version: 1.10.1
[0m22:25:10.456504 [info ] [MainThread]: python version: 3.12.2
[0m22:25:10.456504 [info ] [MainThread]: python path: C:\Users\nikhi\AppData\Local\Programs\Python\Python312\python.exe
[0m22:25:10.456504 [info ] [MainThread]: os info: Windows-11-10.0.26100-SP0
[0m22:25:11.438222 [info ] [MainThread]: Using profiles dir at C:\Users\nikhi\.dbt
[0m22:25:11.439223 [info ] [MainThread]: Using profiles.yml file at C:\Users\nikhi\.dbt\profiles.yml
[0m22:25:11.440061 [info ] [MainThread]: Using dbt_project.yml file at C:\Users\nikhi\Desktop\health-integration-project\dbt_project.yml
[0m22:25:11.440061 [error] [MainThread]: Encountered an error:
Internal Error
  Profile should not be None if loading profile completed
[0m22:25:11.442162 [debug] [MainThread]: Command `dbt debug` failed at 22:25:11.442162 after 1.22 seconds
[0m22:25:11.442162 [debug] [MainThread]: Sending event: {'category': 'dbt', 'action': 'invocation', 'label': 'end', 'context': [<snowplow_tracker.self_describing_json.SelfDescribingJson object at 0x000002DA55511310>, <snowplow_tracker.self_describing_json.SelfDescribingJson object at 0x000002DA55510A10>, <snowplow_tracker.self_describing_json.SelfDescribingJson object at 0x000002DA55588140>]}
[0m22:25:11.443162 [debug] [MainThread]: Flushing usage events
[0m22:25:12.610358 [debug] [MainThread]: An error was encountered while trying to flush usage events
[0m22:25:27.663859 [debug] [MainThread]: Sending event: {'category': 'dbt', 'action': 'invocation', 'label': 'start', 'context': [<snowplow_tracker.self_describing_json.SelfDescribingJson object at 0x0000029D0F80B8F0>, <snowplow_tracker.self_describing_json.SelfDescribingJson object at 0x0000029D120121B0>, <snowplow_tracker.self_describing_json.SelfDescribingJson object at 0x0000029D0F750230>]}


============================== 22:25:27.668015 | ef627bd8-628f-4483-84d2-45809318b6e2 ==============================
[0m22:25:27.668015 [info ] [MainThread]: Running with dbt=1.10.1
[0m22:25:27.669017 [debug] [MainThread]: running dbt with arguments {'printer_width': '80', 'indirect_selection': 'eager', 'log_cache_events': 'False', 'write_json': 'True', 'partial_parse': 'True', 'cache_selected_only': 'False', 'warn_error': 'None', 'version_check': 'True', 'profiles_dir': 'C:\\Users\\nikhi\\.dbt', 'log_path': 'logs', 'fail_fast': 'False', 'debug': 'False', 'use_colors': 'True', 'use_experimental_parser': 'False', 'empty': 'None', 'quiet': 'False', 'no_print': 'None', 'warn_error_options': 'WarnErrorOptionsV2(error=[], warn=[], silence=[])', 'invocation_command': 'dbt init health_data_dbtp', 'static_parser': 'True', 'introspect': 'True', 'target_path': 'None', 'log_format': 'default', 'send_anonymous_usage_stats': 'True'}
[0m22:25:27.694440 [info ] [MainThread]: A project called health_data_dbtp already exists here.
[0m22:25:27.695449 [debug] [MainThread]: Command `dbt init` succeeded at 22:25:27.695449 after 0.19 seconds
[0m22:25:27.696447 [debug] [MainThread]: Sending event: {'category': 'dbt', 'action': 'invocation', 'label': 'end', 'context': [<snowplow_tracker.self_describing_json.SelfDescribingJson object at 0x0000029D11F9AEA0>, <snowplow_tracker.self_describing_json.SelfDescribingJson object at 0x0000029D11EB0CB0>, <snowplow_tracker.self_describing_json.SelfDescribingJson object at 0x0000029D0F750230>]}
[0m22:25:27.696447 [debug] [MainThread]: Flushing usage events
[0m22:25:28.771883 [debug] [MainThread]: An error was encountered while trying to flush usage events
[0m22:32:38.996737 [debug] [MainThread]: Sending event: {'category': 'dbt', 'action': 'invocation', 'label': 'start', 'context': [<snowplow_tracker.self_describing_json.SelfDescribingJson object at 0x0000010985E6CBC0>, <snowplow_tracker.self_describing_json.SelfDescribingJson object at 0x00000109853C2D50>, <snowplow_tracker.self_describing_json.SelfDescribingJson object at 0x0000010982B3D790>]}


============================== 22:32:38.996737 | cfa9dc88-10f8-46b6-8bde-3ba7c9beec8f ==============================
[0m22:32:38.996737 [info ] [MainThread]: Running with dbt=1.10.1
[0m22:32:38.996737 [debug] [MainThread]: running dbt with arguments {'printer_width': '80', 'indirect_selection': 'eager', 'log_cache_events': 'False', 'write_json': 'True', 'partial_parse': 'True', 'cache_selected_only': 'False', 'warn_error': 'None', 'debug': 'False', 'version_check': 'True', 'log_path': 'logs', 'fail_fast': 'False', 'profiles_dir': 'C:\\Users\\nikhi\\.dbt', 'use_colors': 'True', 'use_experimental_parser': 'False', 'empty': 'None', 'quiet': 'False', 'no_print': 'None', 'log_format': 'default', 'invocation_command': 'dbt debug', 'warn_error_options': 'WarnErrorOptionsV2(error=[], warn=[], silence=[])', 'introspect': 'True', 'target_path': 'None', 'static_parser': 'True', 'send_anonymous_usage_stats': 'True'}
[0m22:32:39.028469 [info ] [MainThread]: dbt version: 1.10.1
[0m22:32:39.028469 [info ] [MainThread]: python version: 3.12.2
[0m22:32:39.030342 [info ] [MainThread]: python path: C:\Users\nikhi\AppData\Local\Programs\Python\Python312\python.exe
[0m22:32:39.030921 [info ] [MainThread]: os info: Windows-11-10.0.26100-SP0
[0m22:32:40.013712 [info ] [MainThread]: Using profiles dir at C:\Users\nikhi\.dbt
[0m22:32:40.013712 [info ] [MainThread]: Using profiles.yml file at C:\Users\nikhi\.dbt\profiles.yml
[0m22:32:40.013712 [info ] [MainThread]: Using dbt_project.yml file at C:\Users\nikhi\Desktop\health-integration-project\dbt_project.yml
[0m22:32:40.027766 [info ] [MainThread]: adapter type: snowflake
[0m22:32:40.027766 [info ] [MainThread]: adapter version: 1.9.4
[0m22:32:40.027766 [info ] [MainThread]: Configuration:
[0m22:32:40.027766 [info ] [MainThread]:   profiles.yml file [[32mOK found and valid[0m]
[0m22:32:40.027766 [info ] [MainThread]:   dbt_project.yml file [[31mERROR not found[0m]
[0m22:32:40.027766 [info ] [MainThread]: Required dependencies:
[0m22:32:40.027766 [debug] [MainThread]: Executing "git --help"
[0m22:32:40.073850 [debug] [MainThread]: STDOUT: "b"usage: git [-v | --version] [-h | --help] [-C <path>] [-c <name>=<value>]\n           [--exec-path[=<path>]] [--html-path] [--man-path] [--info-path]\n           [-p | --paginate | -P | --no-pager] [--no-replace-objects] [--bare]\n           [--git-dir=<path>] [--work-tree=<path>] [--namespace=<name>]\n           [--config-env=<name>=<envvar>] <command> [<args>]\n\nThese are common Git commands used in various situations:\n\nstart a working area (see also: git help tutorial)\n   clone     Clone a repository into a new directory\n   init      Create an empty Git repository or reinitialize an existing one\n\nwork on the current change (see also: git help everyday)\n   add       Add file contents to the index\n   mv        Move or rename a file, a directory, or a symlink\n   restore   Restore working tree files\n   rm        Remove files from the working tree and from the index\n\nexamine the history and state (see also: git help revisions)\n   bisect    Use binary search to find the commit that introduced a bug\n   diff      Show changes between commits, commit and working tree, etc\n   grep      Print lines matching a pattern\n   log       Show commit logs\n   show      Show various types of objects\n   status    Show the working tree status\n\ngrow, mark and tweak your common history\n   branch    List, create, or delete branches\n   commit    Record changes to the repository\n   merge     Join two or more development histories together\n   rebase    Reapply commits on top of another base tip\n   reset     Reset current HEAD to the specified state\n   switch    Switch branches\n   tag       Create, list, delete or verify a tag object signed with GPG\n\ncollaborate (see also: git help workflows)\n   fetch     Download objects and refs from another repository\n   pull      Fetch from and integrate with another repository or a local branch\n   push      Update remote refs along with associated objects\n\n'git help -a' and 'git help -g' list available subcommands and some\nconcept guides. See 'git help <command>' or 'git help <concept>'\nto read about a specific subcommand or concept.\nSee 'git help git' for an overview of the system.\n""
[0m22:32:40.074854 [debug] [MainThread]: STDERR: "b''"
[0m22:32:40.075818 [info ] [MainThread]:  - git [[32mOK found[0m]

[0m22:32:40.075818 [info ] [MainThread]: Connection:
[0m22:32:40.076815 [info ] [MainThread]:   account: HVUGDJG-NM17550
[0m22:32:40.076815 [info ] [MainThread]:   user: RISHABH16RAWAT
[0m22:32:40.077853 [info ] [MainThread]:   database: DRUGS_NAME
[0m22:32:40.077853 [info ] [MainThread]:   warehouse: compute_wh
[0m22:32:40.078846 [info ] [MainThread]:   role: ACCOUNTADMIN
[0m22:32:40.079842 [info ] [MainThread]:   schema: DATA_LISTINGS
[0m22:32:40.079842 [info ] [MainThread]:   authenticator: None
[0m22:32:40.080841 [info ] [MainThread]:   oauth_client_id: None
[0m22:32:40.080841 [info ] [MainThread]:   query_tag: None
[0m22:32:40.081840 [info ] [MainThread]:   client_session_keep_alive: False
[0m22:32:40.081840 [info ] [MainThread]:   host: None
[0m22:32:40.082840 [info ] [MainThread]:   port: None
[0m22:32:40.082840 [info ] [MainThread]:   proxy_host: None
[0m22:32:40.083840 [info ] [MainThread]:   proxy_port: None
[0m22:32:40.083840 [info ] [MainThread]:   protocol: None
[0m22:32:40.084815 [info ] [MainThread]:   connect_retries: 1
[0m22:32:40.084815 [info ] [MainThread]:   connect_timeout: None
[0m22:32:40.085815 [info ] [MainThread]:   retry_on_database_errors: False
[0m22:32:40.085815 [info ] [MainThread]:   retry_all: False
[0m22:32:40.086845 [info ] [MainThread]:   insecure_mode: False
[0m22:32:40.086845 [info ] [MainThread]:   reuse_connections: True
[0m22:32:40.087842 [info ] [MainThread]: Registered adapter: snowflake=1.9.4
[0m22:32:40.527324 [debug] [MainThread]: Acquiring new snowflake connection 'debug'
[0m22:32:42.823338 [debug] [MainThread]: Using snowflake connection "debug"
[0m22:32:42.824337 [debug] [MainThread]: On debug: select 1 as id
[0m22:32:42.824337 [debug] [MainThread]: Opening a new connection, currently in state init
[0m22:32:44.163012 [debug] [MainThread]: SQL status: SUCCESS 1 in 1.339 seconds
[0m22:32:44.167059 [info ] [MainThread]:   Connection test: [[32mOK connection ok[0m]

[0m22:32:44.168828 [info ] [MainThread]: [31m1 check failed:[0m
[0m22:32:44.168828 [info ] [MainThread]: Project loading failed for the following reason:
 project path <C:\Users\nikhi\Desktop\health-integration-project\dbt_project.yml> not found

[0m22:32:44.168828 [debug] [MainThread]: Command `dbt debug` failed at 22:32:44.168828 after 5.38 seconds
[0m22:32:44.168828 [debug] [MainThread]: Connection 'debug' was left open.
[0m22:32:44.173323 [debug] [MainThread]: On debug: Close
[0m22:32:44.387560 [debug] [MainThread]: Sending event: {'category': 'dbt', 'action': 'invocation', 'label': 'end', 'context': [<snowplow_tracker.self_describing_json.SelfDescribingJson object at 0x0000010985CDFEF0>, <snowplow_tracker.self_describing_json.SelfDescribingJson object at 0x00000109864BA720>, <snowplow_tracker.self_describing_json.SelfDescribingJson object at 0x00000109856D3CE0>]}
[0m22:32:44.387560 [debug] [MainThread]: Flushing usage events
[0m22:32:45.529343 [debug] [MainThread]: An error was encountered while trying to flush usage events
[0m22:35:08.852592 [debug] [MainThread]: Sending event: {'category': 'dbt', 'action': 'invocation', 'label': 'start', 'context': [<snowplow_tracker.self_describing_json.SelfDescribingJson object at 0x0000015E4D763D40>, <snowplow_tracker.self_describing_json.SelfDescribingJson object at 0x0000015E49DF6DB0>, <snowplow_tracker.self_describing_json.SelfDescribingJson object at 0x0000015E4D78E240>]}


============================== 22:35:08.852592 | e96cfc5b-e094-466b-ba93-b99a4360ad17 ==============================
[0m22:35:08.852592 [info ] [MainThread]: Running with dbt=1.10.1
[0m22:35:08.852592 [debug] [MainThread]: running dbt with arguments {'printer_width': '80', 'indirect_selection': 'eager', 'log_cache_events': 'False', 'write_json': 'True', 'partial_parse': 'True', 'cache_selected_only': 'False', 'warn_error': 'None', 'debug': 'False', 'fail_fast': 'False', 'log_path': 'logs', 'version_check': 'True', 'profiles_dir': 'C:\\Users\\nikhi\\.dbt', 'use_colors': 'True', 'use_experimental_parser': 'False', 'empty': 'None', 'quiet': 'False', 'no_print': 'None', 'log_format': 'default', 'static_parser': 'True', 'warn_error_options': 'WarnErrorOptionsV2(error=[], warn=[], silence=[])', 'introspect': 'True', 'target_path': 'None', 'invocation_command': 'dbt debug', 'send_anonymous_usage_stats': 'True'}
[0m22:35:08.884440 [info ] [MainThread]: dbt version: 1.10.1
[0m22:35:08.884440 [info ] [MainThread]: python version: 3.12.2
[0m22:35:08.884440 [info ] [MainThread]: python path: C:\Users\nikhi\AppData\Local\Programs\Python\Python312\python.exe
[0m22:35:08.884440 [info ] [MainThread]: os info: Windows-11-10.0.26100-SP0
[0m22:35:09.866118 [info ] [MainThread]: Using profiles dir at C:\Users\nikhi\.dbt
[0m22:35:09.866118 [info ] [MainThread]: Using profiles.yml file at C:\Users\nikhi\.dbt\profiles.yml
[0m22:35:09.866118 [info ] [MainThread]: Using dbt_project.yml file at C:\Users\nikhi\Desktop\health-integration-project\dbt_project.yml
[0m22:35:09.866118 [info ] [MainThread]: adapter type: snowflake
[0m22:35:09.866118 [info ] [MainThread]: adapter version: 1.9.4
[0m22:35:09.866118 [info ] [MainThread]: Configuration:
[0m22:35:09.866118 [info ] [MainThread]:   profiles.yml file [[32mOK found and valid[0m]
[0m22:35:09.866118 [info ] [MainThread]:   dbt_project.yml file [[31mERROR not found[0m]
[0m22:35:09.866118 [info ] [MainThread]: Required dependencies:
[0m22:35:09.866118 [debug] [MainThread]: Executing "git --help"
[0m22:35:09.913532 [debug] [MainThread]: STDOUT: "b"usage: git [-v | --version] [-h | --help] [-C <path>] [-c <name>=<value>]\n           [--exec-path[=<path>]] [--html-path] [--man-path] [--info-path]\n           [-p | --paginate | -P | --no-pager] [--no-replace-objects] [--bare]\n           [--git-dir=<path>] [--work-tree=<path>] [--namespace=<name>]\n           [--config-env=<name>=<envvar>] <command> [<args>]\n\nThese are common Git commands used in various situations:\n\nstart a working area (see also: git help tutorial)\n   clone     Clone a repository into a new directory\n   init      Create an empty Git repository or reinitialize an existing one\n\nwork on the current change (see also: git help everyday)\n   add       Add file contents to the index\n   mv        Move or rename a file, a directory, or a symlink\n   restore   Restore working tree files\n   rm        Remove files from the working tree and from the index\n\nexamine the history and state (see also: git help revisions)\n   bisect    Use binary search to find the commit that introduced a bug\n   diff      Show changes between commits, commit and working tree, etc\n   grep      Print lines matching a pattern\n   log       Show commit logs\n   show      Show various types of objects\n   status    Show the working tree status\n\ngrow, mark and tweak your common history\n   branch    List, create, or delete branches\n   commit    Record changes to the repository\n   merge     Join two or more development histories together\n   rebase    Reapply commits on top of another base tip\n   reset     Reset current HEAD to the specified state\n   switch    Switch branches\n   tag       Create, list, delete or verify a tag object signed with GPG\n\ncollaborate (see also: git help workflows)\n   fetch     Download objects and refs from another repository\n   pull      Fetch from and integrate with another repository or a local branch\n   push      Update remote refs along with associated objects\n\n'git help -a' and 'git help -g' list available subcommands and some\nconcept guides. See 'git help <command>' or 'git help <concept>'\nto read about a specific subcommand or concept.\nSee 'git help git' for an overview of the system.\n""
[0m22:35:09.913532 [debug] [MainThread]: STDERR: "b''"
[0m22:35:09.913532 [info ] [MainThread]:  - git [[32mOK found[0m]

[0m22:35:09.913532 [info ] [MainThread]: Connection:
[0m22:35:09.913532 [info ] [MainThread]:   account: HVUGDJG-NM17550
[0m22:35:09.913532 [info ] [MainThread]:   user: RISHABH16RAWAT
[0m22:35:09.913532 [info ] [MainThread]:   database: DRUGS_NAME
[0m22:35:09.913532 [info ] [MainThread]:   warehouse: compute_wh
[0m22:35:09.913532 [info ] [MainThread]:   role: ACCOUNTADMIN
[0m22:35:09.913532 [info ] [MainThread]:   schema: DATA_LISTINGS
[0m22:35:09.913532 [info ] [MainThread]:   authenticator: None
[0m22:35:09.913532 [info ] [MainThread]:   oauth_client_id: None
[0m22:35:09.913532 [info ] [MainThread]:   query_tag: None
[0m22:35:09.913532 [info ] [MainThread]:   client_session_keep_alive: False
[0m22:35:09.913532 [info ] [MainThread]:   host: None
[0m22:35:09.913532 [info ] [MainThread]:   port: None
[0m22:35:09.913532 [info ] [MainThread]:   proxy_host: None
[0m22:35:09.913532 [info ] [MainThread]:   proxy_port: None
[0m22:35:09.913532 [info ] [MainThread]:   protocol: None
[0m22:35:09.913532 [info ] [MainThread]:   connect_retries: 1
[0m22:35:09.913532 [info ] [MainThread]:   connect_timeout: None
[0m22:35:09.913532 [info ] [MainThread]:   retry_on_database_errors: False
[0m22:35:09.913532 [info ] [MainThread]:   retry_all: False
[0m22:35:09.913532 [info ] [MainThread]:   insecure_mode: False
[0m22:35:09.913532 [info ] [MainThread]:   reuse_connections: True
[0m22:35:09.913532 [info ] [MainThread]: Registered adapter: snowflake=1.9.4
[0m22:35:10.355955 [debug] [MainThread]: Acquiring new snowflake connection 'debug'
[0m22:35:10.435402 [debug] [MainThread]: Using snowflake connection "debug"
[0m22:35:10.435402 [debug] [MainThread]: On debug: select 1 as id
[0m22:35:10.435402 [debug] [MainThread]: Opening a new connection, currently in state init
[0m22:35:11.964644 [debug] [MainThread]: SQL status: SUCCESS 1 in 1.529 seconds
[0m22:35:11.964644 [info ] [MainThread]:   Connection test: [[32mOK connection ok[0m]

[0m22:35:11.964644 [info ] [MainThread]: [31m1 check failed:[0m
[0m22:35:11.964644 [info ] [MainThread]: Project loading failed for the following reason:
 project path <C:\Users\nikhi\Desktop\health-integration-project\dbt_project.yml> not found

[0m22:35:11.973351 [debug] [MainThread]: Command `dbt debug` failed at 22:35:11.973351 after 3.33 seconds
[0m22:35:11.973351 [debug] [MainThread]: Connection 'debug' was left open.
[0m22:35:11.973351 [debug] [MainThread]: On debug: Close
[0m22:35:12.155362 [debug] [MainThread]: Sending event: {'category': 'dbt', 'action': 'invocation', 'label': 'end', 'context': [<snowplow_tracker.self_describing_json.SelfDescribingJson object at 0x0000015E4D763D40>, <snowplow_tracker.self_describing_json.SelfDescribingJson object at 0x0000015E4DAEE3C0>, <snowplow_tracker.self_describing_json.SelfDescribingJson object at 0x0000015E4D55CA40>]}
[0m22:35:12.166640 [debug] [MainThread]: Flushing usage events
[0m22:35:13.382804 [debug] [MainThread]: An error was encountered while trying to flush usage events
[0m23:19:01.876421 [debug] [MainThread]: Sending event: {'category': 'dbt', 'action': 'invocation', 'label': 'start', 'context': [<snowplow_tracker.self_describing_json.SelfDescribingJson object at 0x0000015574BDB2C0>, <snowplow_tracker.self_describing_json.SelfDescribingJson object at 0x000001557270C5F0>, <snowplow_tracker.self_describing_json.SelfDescribingJson object at 0x00000155752CD580>]}


============================== 23:19:01.883238 | 1a3b5486-7a7c-4ae1-8f68-7d441ee673b0 ==============================
[0m23:19:01.883238 [info ] [MainThread]: Running with dbt=1.10.1
[0m23:19:01.883238 [debug] [MainThread]: running dbt with arguments {'printer_width': '80', 'indirect_selection': 'eager', 'log_cache_events': 'False', 'write_json': 'True', 'partial_parse': 'True', 'cache_selected_only': 'False', 'warn_error': 'None', 'version_check': 'True', 'debug': 'False', 'log_path': 'logs', 'fail_fast': 'False', 'profiles_dir': 'C:\\Users\\nikhi\\.dbt', 'use_colors': 'True', 'use_experimental_parser': 'False', 'no_print': 'None', 'quiet': 'False', 'empty': 'False', 'warn_error_options': 'WarnErrorOptionsV2(error=[], warn=[], silence=[])', 'invocation_command': 'dbt run', 'log_format': 'default', 'introspect': 'True', 'target_path': 'None', 'static_parser': 'True', 'send_anonymous_usage_stats': 'True'}
[0m23:19:01.883238 [error] [MainThread]: Encountered an error:
Runtime Error
  No dbt_project.yml found at expected path C:\Users\nikhi\Desktop\health-integration-project\dbt_project.yml
  Verify that each entry within packages.yml (and their transitive dependencies) contains a file named dbt_project.yml
  
[0m23:19:01.883238 [debug] [MainThread]: Command `dbt run` failed at 23:19:01.883238 after 0.22 seconds
[0m23:19:01.883238 [debug] [MainThread]: Sending event: {'category': 'dbt', 'action': 'invocation', 'label': 'end', 'context': [<snowplow_tracker.self_describing_json.SelfDescribingJson object at 0x0000015575458BF0>, <snowplow_tracker.self_describing_json.SelfDescribingJson object at 0x0000015575145A30>, <snowplow_tracker.self_describing_json.SelfDescribingJson object at 0x0000015574BDB2C0>]}
[0m23:19:01.883238 [debug] [MainThread]: Flushing usage events
[0m23:19:03.078513 [debug] [MainThread]: An error was encountered while trying to flush usage events
